<?xml version="1.0" encoding="UTF-8"?>
<!-- Generated by org.testng.reporters.JUnitReportReporter -->
<testsuite hostname="Phyos-Air.lan" failures="0" tests="1" name="runner.testRunner" time="46.009" errors="0" timestamp="10 Mar 2024 20:38:39 GMT" skipped="0">
  <testcase classname="runner.testRunner" name="runScenario" time="46.009"/>
</testsuite> <!-- runner.testRunner -->
