<?xml version="1.0" encoding="UTF-8"?>
<!-- Generated by org.testng.reporters.JUnitReportReporter -->
<testsuite hostname="Phyos-Air.lan" failures="0" tests="2" name="runner.smokeTest" time="50.823" errors="0" timestamp="17 Mar 2024 19:07:29 GMT" skipped="0">
  <testcase classname="runner.smokeTest" name="runScenario" time="6.705"/>
  <testcase classname="runner.smokeTest" name="runScenario" time="44.118"/>
</testsuite> <!-- runner.smokeTest -->
