<?xml version="1.0" encoding="UTF-8"?>
<!-- Generated by org.testng.reporters.JUnitReportReporter -->
<testsuite hostname="Phyos-Air.lan" failures="0" tests="2" name="runner.smokeTest" time="108.458" errors="0" timestamp="16 Mar 2024 18:19:49 GMT" skipped="0">
  <testcase classname="runner.smokeTest" name="runScenario" time="101.973"/>
  <testcase classname="runner.smokeTest" name="runScenario" time="6.485"/>
</testsuite> <!-- runner.smokeTest -->
