<?xml version="1.0" encoding="UTF-8"?>
<!-- Generated by org.testng.reporters.JUnitReportReporter -->
<testsuite hostname="Phyos-Air.lan" failures="0" tests="2" name="runner.smokeTest" time="45.809" errors="0" timestamp="17 Mar 2024 18:30:39 GMT" skipped="0">
  <testcase classname="runner.smokeTest" name="runScenario" time="39.310"/>
  <testcase classname="runner.smokeTest" name="runScenario" time="6.499"/>
</testsuite> <!-- runner.smokeTest -->
